Synthesizing design: i2c_slave.sv

                      Design Compiler Graphical
                            DC Ultra (TM)
                             DFTMAX (TM)
                         Power Compiler (TM)
                           DesignWare (R)
                           DC Expert (TM)
                         Design Vision (TM)
                          HDL Compiler (TM)
                         VHDL Compiler (TM)
                            DFT Compiler
                        Library Compiler (TM)
                         Design Compiler(R)

            Version G-2012.06 for RHEL64 -- May 30, 2012
               Copyright (c) 1988-2012 Synopsys, Inc.

This software and the associated documentation are confidential and 
proprietary to Synopsys, Inc. Your use or disclosure of this software 
is subject to the terms and conditions of a written license agreement 
between you, or your company, and Synopsys, Inc.

Initializing...
dc_shell> dc_shell> Running PRESTO HDLC
Searching for ./scl_edge.sv
Searching for /package/eda/synopsys/syn-G-2012.06/libraries/syn/scl_edge.sv
Searching for /package/eda/synopsys/syn-G-2012.06/dw/sim_ver/scl_edge.sv
Searching for ./source/scl_edge.sv
Searching for ./sda_sel.sv
Searching for /package/eda/synopsys/syn-G-2012.06/libraries/syn/sda_sel.sv
Searching for /package/eda/synopsys/syn-G-2012.06/dw/sim_ver/sda_sel.sv
Searching for ./source/sda_sel.sv
Searching for ./decode.sv
Searching for /package/eda/synopsys/syn-G-2012.06/libraries/syn/decode.sv
Searching for /package/eda/synopsys/syn-G-2012.06/dw/sim_ver/decode.sv
Searching for ./source/decode.sv
Searching for ./tx_fifo.sv
Searching for /package/eda/synopsys/syn-G-2012.06/libraries/syn/tx_fifo.sv
Searching for /package/eda/synopsys/syn-G-2012.06/dw/sim_ver/tx_fifo.sv
Searching for ./source/tx_fifo.sv
Searching for ./tx_sr.sv
Searching for /package/eda/synopsys/syn-G-2012.06/libraries/syn/tx_sr.sv
Searching for /package/eda/synopsys/syn-G-2012.06/dw/sim_ver/tx_sr.sv
Searching for ./source/tx_sr.sv
Searching for ./rx_sr.sv
Searching for /package/eda/synopsys/syn-G-2012.06/libraries/syn/rx_sr.sv
Searching for /package/eda/synopsys/syn-G-2012.06/dw/sim_ver/rx_sr.sv
Searching for ./source/rx_sr.sv
Searching for ./controller.sv
Searching for /package/eda/synopsys/syn-G-2012.06/libraries/syn/controller.sv
Searching for /package/eda/synopsys/syn-G-2012.06/dw/sim_ver/controller.sv
Searching for ./source/controller.sv
Searching for ./timer.sv
Searching for /package/eda/synopsys/syn-G-2012.06/libraries/syn/timer.sv
Searching for /package/eda/synopsys/syn-G-2012.06/dw/sim_ver/timer.sv
Searching for ./source/timer.sv
Searching for ./flex_counter.sv
Searching for /package/eda/synopsys/syn-G-2012.06/libraries/syn/flex_counter.sv
Searching for /package/eda/synopsys/syn-G-2012.06/dw/sim_ver/flex_counter.sv
Searching for ./source/flex_counter.sv
Searching for ./flex_stp_sr.sv
Searching for /package/eda/synopsys/syn-G-2012.06/libraries/syn/flex_stp_sr.sv
Searching for /package/eda/synopsys/syn-G-2012.06/dw/sim_ver/flex_stp_sr.sv
Searching for ./source/flex_stp_sr.sv
Searching for ./flex_pts_sr.sv
Searching for /package/eda/synopsys/syn-G-2012.06/libraries/syn/flex_pts_sr.sv
Searching for /package/eda/synopsys/syn-G-2012.06/dw/sim_ver/flex_pts_sr.sv
Searching for ./source/flex_pts_sr.sv
Searching for ./sync.sv
Searching for /package/eda/synopsys/syn-G-2012.06/libraries/syn/sync.sv
Searching for /package/eda/synopsys/syn-G-2012.06/dw/sim_ver/sync.sv
Searching for ./source/sync.sv
Searching for ./i2c_slave.sv
Searching for /package/eda/synopsys/syn-G-2012.06/libraries/syn/i2c_slave.sv
Searching for /package/eda/synopsys/syn-G-2012.06/dw/sim_ver/i2c_slave.sv
Searching for ./source/i2c_slave.sv
Compiling source file ./source/scl_edge.sv
Compiling source file ./source/sda_sel.sv
Compiling source file ./source/decode.sv
Compiling source file ./source/tx_fifo.sv
Compiling source file ./source/tx_sr.sv
Compiling source file ./source/rx_sr.sv
Compiling source file ./source/controller.sv
Compiling source file ./source/timer.sv
Compiling source file ./source/flex_counter.sv
Compiling source file ./source/flex_stp_sr.sv
Compiling source file ./source/flex_pts_sr.sv
Compiling source file ./source/sync.sv
Compiling source file ./source/i2c_slave.sv
Presto compilation completed successfully.
Loading db file '/package/eda/cells/OSU/v2.7/synopsys/lib/ami05/osu05_stdcells.db'
Loading db file '/package/eda/synopsys/syn-G-2012.06/libraries/syn/dw_foundation.sldb'
1
dc_shell> Loading db file '/package/eda/synopsys/syn-G-2012.06/libraries/syn/gtech.db'
Loading db file '/package/eda/synopsys/syn-G-2012.06/libraries/syn/standard.sldb'
  Loading link library 'osu05_stdcells'
  Loading link library 'gtech'
Running PRESTO HDLC
Presto compilation completed successfully.
Elaborated 1 design.
Current design is now 'i2c_slave'.
Information: Building the design 'sync'. (HDL-193)

Inferred memory devices in process
	in routine sync line 21 in file
		'./source/sync.sv'.
===============================================================================
|    Register Name    |   Type    | Width | Bus | MB | AR | AS | SR | SS | ST |
===============================================================================
|     out_one_reg     | Flip-flop |   1   |  N  | N  | Y  | N  | N  | N  | N  |
===============================================================================

Inferred memory devices in process
	in routine sync line 33 in file
		'./source/sync.sv'.
===============================================================================
|    Register Name    |   Type    | Width | Bus | MB | AR | AS | SR | SS | ST |
===============================================================================
|     sec_out_reg     | Flip-flop |   1   |  N  | N  | Y  | N  | N  | N  | N  |
===============================================================================
Presto compilation completed successfully.
Information: Building the design 'scl_edge'. (HDL-193)

Inferred memory devices in process
	in routine scl_edge line 22 in file
		'./source/scl_edge.sv'.
===============================================================================
|    Register Name    |   Type    | Width | Bus | MB | AR | AS | SR | SS | ST |
===============================================================================
|    third_out_reg    | Flip-flop |   1   |  N  | N  | N  | Y  | N  | N  | N  |
|     sec_out_reg     | Flip-flop |   1   |  N  | N  | N  | Y  | N  | N  | N  |
===============================================================================
Presto compilation completed successfully.
Information: Building the design 'sda_sel'. (HDL-193)

Statistics for case statements in always block at line 19 in file
	'./source/sda_sel.sv'
===============================================
|           Line           |  full/ parallel  |
===============================================
|            22            |    auto/auto     |
===============================================
Presto compilation completed successfully.
Information: Building the design 'decode'. (HDL-193)

Inferred memory devices in process
	in routine decode line 31 in file
		'./source/decode.sv'.
===============================================================================
|    Register Name    |   Type    | Width | Bus | MB | AR | AS | SR | SS | ST |
===============================================================================
|      match_reg      | Flip-flop |   1   |  N  | N  | Y  | N  | N  | N  | N  |
|      start_reg      | Flip-flop |   1   |  N  | N  | Y  | N  | N  | N  | N  |
|      stop_reg       | Flip-flop |   1   |  N  | N  | Y  | N  | N  | N  | N  |
===============================================================================

Inferred memory devices in process
	in routine decode line 43 in file
		'./source/decode.sv'.
===============================================================================
|    Register Name    |   Type    | Width | Bus | MB | AR | AS | SR | SS | ST |
===============================================================================
|      sda1_reg       | Flip-flop |   1   |  N  | N  | N  | Y  | N  | N  | N  |
===============================================================================

Inferred memory devices in process
	in routine decode line 51 in file
		'./source/decode.sv'.
===============================================================================
|    Register Name    |   Type    | Width | Bus | MB | AR | AS | SR | SS | ST |
===============================================================================
|      sda2_reg       | Flip-flop |   1   |  N  | N  | N  | Y  | N  | N  | N  |
===============================================================================

Inferred memory devices in process
	in routine decode line 59 in file
		'./source/decode.sv'.
===============================================================================
|    Register Name    |   Type    | Width | Bus | MB | AR | AS | SR | SS | ST |
===============================================================================
|      scl1_reg       | Flip-flop |   1   |  N  | N  | N  | Y  | N  | N  | N  |
===============================================================================

Inferred memory devices in process
	in routine decode line 67 in file
		'./source/decode.sv'.
===============================================================================
|    Register Name    |   Type    | Width | Bus | MB | AR | AS | SR | SS | ST |
===============================================================================
|      scl2_reg       | Flip-flop |   1   |  N  | N  | N  | Y  | N  | N  | N  |
===============================================================================
Presto compilation completed successfully.
Information: Building the design 'rx_sr'. (HDL-193)

Inferred memory devices in process
	in routine rx_sr line 23 in file
		'./source/rx_sr.sv'.
===============================================================================
|    Register Name    |   Type    | Width | Bus | MB | AR | AS | SR | SS | ST |
===============================================================================
|      shift_reg      | Flip-flop |   1   |  N  | N  | Y  | N  | N  | N  | N  |
===============================================================================
Presto compilation completed successfully.
Information: Building the design 'tx_sr'. (HDL-193)

Inferred memory devices in process
	in routine tx_sr line 22 in file
		'./source/tx_sr.sv'.
===============================================================================
|    Register Name    |   Type    | Width | Bus | MB | AR | AS | SR | SS | ST |
===============================================================================
|      shift_reg      | Flip-flop |   1   |  N  | N  | Y  | N  | N  | N  | N  |
===============================================================================
Presto compilation completed successfully.
Information: Building the design 'tx_fifo'. (HDL-193)
Presto compilation completed successfully.
Information: Building the design 'timer'. (HDL-193)

Inferred memory devices in process
	in routine timer line 39 in file
		'./source/timer.sv'.
===============================================================================
|    Register Name    |   Type    | Width | Bus | MB | AR | AS | SR | SS | ST |
===============================================================================
|      start_reg      | Flip-flop |   1   |  N  | N  | Y  | N  | N  | N  | N  |
===============================================================================

Inferred memory devices in process
	in routine timer line 59 in file
		'./source/timer.sv'.
===============================================================================
|    Register Name    |   Type    | Width | Bus | MB | AR | AS | SR | SS | ST |
===============================================================================
|      fall_reg       | Flip-flop |   1   |  N  | N  | Y  | N  | N  | N  | N  |
===============================================================================
Presto compilation completed successfully.
Information: Building the design 'controller'. (HDL-193)

Statistics for case statements in always block at line 42 in file
	'./source/controller.sv'
===============================================
|           Line           |  full/ parallel  |
===============================================
|            44            |    auto/auto     |
===============================================

Statistics for case statements in always block at line 156 in file
	'./source/controller.sv'
===============================================
|           Line           |  full/ parallel  |
===============================================
|           163            |     no/auto      |
===============================================

Inferred memory devices in process
	in routine controller line 32 in file
		'./source/controller.sv'.
===============================================================================
|    Register Name    |   Type    | Width | Bus | MB | AR | AS | SR | SS | ST |
===============================================================================
|      state_reg      | Flip-flop |   4   |  Y  | N  | Y  | N  | N  | N  | N  |
===============================================================================
Presto compilation completed successfully.
Information: Building the design 'flex_stp_sr'. (HDL-193)

Inferred memory devices in process
	in routine flex_stp_sr line 25 in file
		'./source/flex_stp_sr.sv'.
===============================================================================
|    Register Name    |   Type    | Width | Bus | MB | AR | AS | SR | SS | ST |
===============================================================================
|    data_out_reg     | Flip-flop |   8   |  Y  | N  | N  | Y  | N  | N  | N  |
===============================================================================
Presto compilation completed successfully.
Information: Building the design 'flex_pts_sr'. (HDL-193)

Inferred memory devices in process
	in routine flex_pts_sr line 28 in file
		'./source/flex_pts_sr.sv'.
===============================================================================
|    Register Name    |   Type    | Width | Bus | MB | AR | AS | SR | SS | ST |
===============================================================================
|      temp_reg       | Flip-flop |   8   |  Y  | N  | N  | Y  | N  | N  | N  |
===============================================================================
Presto compilation completed successfully.
Information: Building the design 'fifo'. (HDL-193)
Presto compilation completed successfully.
Information: Building the design 'flex_counter' instantiated from design 'timer' with
	the parameters "8,9". (HDL-193)

Inferred memory devices in process
	in routine flex_counter_NUM_CNT_BITS8_ROLLOVER_VAL9 line 31 in file
		'./source/flex_counter.sv'.
===============================================================================
|    Register Name    |   Type    | Width | Bus | MB | AR | AS | SR | SS | ST |
===============================================================================
|     flagger_reg     | Flip-flop |   1   |  N  | N  | Y  | N  | N  | N  | N  |
|     counter_reg     | Flip-flop |   8   |  Y  | N  | Y  | N  | N  | N  | N  |
===============================================================================
Presto compilation completed successfully.
Information: Building the design 'fiforam'. (HDL-193)

Inferred memory devices in process
	in routine fiforam line 48 in file
		'./Course_IP_VHDL/Fifo/source/fiforam.vhd'.
===============================================================================
|    Register Name    |   Type    | Width | Bus | MB | AR | AS | SR | SS | ST |
===============================================================================
|     fiforeg_reg     | Flip-flop |  64   |  Y  | N  | N  | N  | N  | N  | N  |
===============================================================================
Presto compilation completed successfully.
Information: Building the design 'write_fifo_ctrl'. (HDL-193)

Inferred memory devices in process
	in routine write_fifo_ctrl line 76 in file
		'./Course_IP_VHDL/Fifo/source/write_fifo_ctrl.vhd'.
===============================================================================
|    Register Name    |   Type    | Width | Bus | MB | AR | AS | SR | SS | ST |
===============================================================================
|    wrptr_r1_reg     | Flip-flop |   4   |  Y  | N  | Y  | N  | N  | N  | N  |
|    wrptr_r2_reg     | Flip-flop |   4   |  Y  | N  | Y  | N  | N  | N  | N  |
===============================================================================

Inferred memory devices in process
	in routine write_fifo_ctrl line 102 in file
		'./Course_IP_VHDL/Fifo/source/write_fifo_ctrl.vhd'.
===============================================================================
|    Register Name    |   Type    | Width | Bus | MB | AR | AS | SR | SS | ST |
===============================================================================
|   full_flag_r_reg   | Flip-flop |   1   |  N  | N  | Y  | N  | N  | N  | N  |
===============================================================================

Inferred memory devices in process
	in routine write_fifo_ctrl line 115 in file
		'./Course_IP_VHDL/Fifo/source/write_fifo_ctrl.vhd'.
===============================================================================
|    Register Name    |   Type    | Width | Bus | MB | AR | AS | SR | SS | ST |
===============================================================================
|      waddr_reg      | Flip-flop |   3   |  Y  | N  | Y  | N  | N  | N  | N  |
===============================================================================
Presto compilation completed successfully.
Information: Building the design 'read_fifo_ctrl'. (HDL-193)

Inferred memory devices in process
	in routine read_fifo_ctrl line 75 in file
		'./Course_IP_VHDL/Fifo/source/read_fifo_ctrl.vhd'.
===============================================================================
|    Register Name    |   Type    | Width | Bus | MB | AR | AS | SR | SS | ST |
===============================================================================
|    rwptr_r1_reg     | Flip-flop |   4   |  Y  | N  | Y  | N  | N  | N  | N  |
|    rwptr_r2_reg     | Flip-flop |   4   |  Y  | N  | Y  | N  | N  | N  | N  |
===============================================================================

Inferred memory devices in process
	in routine read_fifo_ctrl line 100 in file
		'./Course_IP_VHDL/Fifo/source/read_fifo_ctrl.vhd'.
===============================================================================
|    Register Name    |   Type    | Width | Bus | MB | AR | AS | SR | SS | ST |
===============================================================================
|  empty_flag_r_reg   | Flip-flop |   1   |  N  | N  | N  | Y  | N  | N  | N  |
===============================================================================

Inferred memory devices in process
	in routine read_fifo_ctrl line 114 in file
		'./Course_IP_VHDL/Fifo/source/read_fifo_ctrl.vhd'.
===============================================================================
|    Register Name    |   Type    | Width | Bus | MB | AR | AS | SR | SS | ST |
===============================================================================
|      raddr_reg      | Flip-flop |   3   |  Y  | N  | Y  | N  | N  | N  | N  |
===============================================================================
Presto compilation completed successfully.
Information: Building the design 'write_ptr'. (HDL-193)

Inferred memory devices in process
	in routine write_ptr line 79 in file
		'./Course_IP_VHDL/Fifo/source/write_ptr.vhd'.
===============================================================================
|    Register Name    |   Type    | Width | Bus | MB | AR | AS | SR | SS | ST |
===============================================================================
|    binary_r_reg     | Flip-flop |   4   |  Y  | N  | Y  | N  | N  | N  | N  |
===============================================================================

Inferred memory devices in process
	in routine write_ptr line 89 in file
		'./Course_IP_VHDL/Fifo/source/write_ptr.vhd'.
===============================================================================
|    Register Name    |   Type    | Width | Bus | MB | AR | AS | SR | SS | ST |
===============================================================================
|     gray_r_reg      | Flip-flop |   4   |  Y  | N  | Y  | N  | N  | N  | N  |
===============================================================================
Presto compilation completed successfully.
Information: Building the design 'read_ptr'. (HDL-193)

Inferred memory devices in process
	in routine read_ptr line 79 in file
		'./Course_IP_VHDL/Fifo/source/read_ptr.vhd'.
===============================================================================
|    Register Name    |   Type    | Width | Bus | MB | AR | AS | SR | SS | ST |
===============================================================================
|    binary_r_reg     | Flip-flop |   4   |  Y  | N  | Y  | N  | N  | N  | N  |
===============================================================================

Inferred memory devices in process
	in routine read_ptr line 89 in file
		'./Course_IP_VHDL/Fifo/source/read_ptr.vhd'.
===============================================================================
|    Register Name    |   Type    | Width | Bus | MB | AR | AS | SR | SS | ST |
===============================================================================
|     gray_r_reg      | Flip-flop |   4   |  Y  | N  | Y  | N  | N  | N  | N  |
===============================================================================
Presto compilation completed successfully.
1
dc_shell> dc_shell> Information: Uniquified 2 instances of design 'sync'. (OPT-1056)
1
dc_shell> dc_shell> dc_shell> dc_shell> dc_shell> dc_shell> 1
dc_shell> dc_shell> dc_shell> Information: Checking out the license 'DesignWare'. (SEC-104)
Information: Evaluating DesignWare library utilization. (UISN-27)

============================================================================
| DesignWare Building Block Library  |         Version         | Available |
============================================================================
| Basic DW Building Blocks           | G-2012.06-DWBB_201206.0 |     *     |
| Licensed DW Building Blocks        | G-2012.06-DWBB_201206.0 |     *     |
============================================================================


Information: There are 8 potential problems in your design. Please run 'check_design' for more information. (LINT-99)



  Beginning Pass 1 Mapping
  ------------------------
  Processing 'controller'
  Processing 'flex_counter_NUM_CNT_BITS8_ROLLOVER_VAL9'
Information: Added key list 'DesignWare' to design 'flex_counter_NUM_CNT_BITS8_ROLLOVER_VAL9'. (DDB-72)
  Processing 'timer'
  Processing 'read_ptr'
  Processing 'read_fifo_ctrl'
Information: Added key list 'DesignWare' to design 'read_fifo_ctrl'. (DDB-72)
  Processing 'write_ptr'
  Processing 'write_fifo_ctrl'
Information: Added key list 'DesignWare' to design 'write_fifo_ctrl'. (DDB-72)
  Processing 'fiforam'
  Processing 'fifo'
  Processing 'tx_fifo'
  Processing 'flex_pts_sr'
  Processing 'tx_sr'
  Processing 'flex_stp_sr'
  Processing 'rx_sr'
  Processing 'decode'
  Processing 'sda_sel'
  Processing 'scl_edge'
  Processing 'sync_0'
  Processing 'i2c_slave'

  Updating timing information
Information: Updating design information... (UID-85)

  Beginning Implementation Selection
  ----------------------------------
  Processing 'flex_counter_NUM_CNT_BITS8_ROLLOVER_VAL9_DW01_inc_0'

  Beginning Mapping Optimizations  (Medium effort)
  -------------------------------
  Mapping Optimization (Phase 1)
  Mapping Optimization (Phase 2)
  Mapping Optimization (Phase 3)

   ELAPSED            WORST NEG TOTAL NEG  DESIGN                            
    TIME      AREA      SLACK     SLACK   RULE COST         ENDPOINT         
  --------- --------- --------- --------- --------- -------------------------
    0:00:04  367983.0      0.75      61.2       0.0                          
    0:00:04  367983.0      0.75      61.2       0.0                          
    0:00:04  367983.0      0.75      61.2       0.0                          
    0:00:04  367983.0      0.75      61.2       0.0                          
    0:00:04  367983.0      0.75      61.2       0.0                          
    0:00:04  367983.0      0.75      61.2       0.0                          
    0:00:04  360135.0      0.90      65.1       0.0                          
    0:00:04  359955.0      0.88      64.8       0.0                          
    0:00:04  359883.0      0.88      64.8       0.0                          
    0:00:04  359847.0      0.84      63.4       0.0                          
    0:00:04  360783.0      0.77      59.4       0.0                          
    0:00:04  361071.0      0.74      59.1       0.0                          
    0:00:04  360567.0      0.75      59.1       0.0                          
    0:00:04  360639.0      0.75      59.1       0.0                          
    0:00:04  360567.0      0.75      59.1       0.0                          
    0:00:04  360639.0      0.75      59.1       0.0                          
    0:00:04  360639.0      0.75      59.1       0.0                          
    0:00:04  360639.0      0.75      59.1       0.0                          
    0:00:04  360639.0      0.75      59.1       0.0                          
    0:00:04  360639.0      0.75      59.1       0.0                          
    0:00:04  360639.0      0.75      59.1       0.0                          
    0:00:04  360639.0      0.75      59.1       0.0                          
    0:00:04  360639.0      0.75      59.1       0.0                          



  Beginning Delay Optimization Phase
  ----------------------------------

   ELAPSED            WORST NEG TOTAL NEG  DESIGN                            
    TIME      AREA      SLACK     SLACK   RULE COST         ENDPOINT         
  --------- --------- --------- --------- --------- -------------------------
    0:00:04  360639.0      0.75      59.1       0.0                          
    0:00:05  362295.0      0.66      57.7       0.0 U6/DUT/UWFC/full_flag_r_reg/D
    0:00:05  363015.0      0.64      55.3       0.0 U6/DUT/URFC/raddr_reg[2]/D
    0:00:05  364527.0      0.58      50.5       0.0 U6/DUT/URFC/empty_flag_r_reg/D
    0:00:05  365967.0      0.55      45.4       0.0 U7/U1/counter_reg[1]/D   
    0:00:05  368415.0      0.51      43.7       0.0 U7/U1/counter_reg[1]/D   
    0:00:05  368703.0      0.50      41.4       0.0 U6/DUT/UFIFORAM/fiforeg_reg[0][3]/D
    0:00:05  369063.0      0.50      40.2       0.0 U6/DUT/URFC/raddr_reg[2]/D
    0:00:05  370935.0      0.49      40.1       0.0 U7/U1/counter_reg[1]/D   
    0:00:05  371367.0      0.47      39.9       0.0 U6/DUT/UFIFORAM/fiforeg_reg[0][0]/D
    0:00:05  371943.0      0.46      39.5       0.0 U7/U1/counter_reg[1]/D   
    0:00:05  371799.0      0.46      39.0       0.0 U6/DUT/URFC/empty_flag_r_reg/D
    0:00:05  371799.0      0.44      38.8       0.0                          
    0:00:05  371799.0      0.44      38.8       0.0                          
    0:00:06  372231.0      0.44      38.3       0.0                          
    0:00:06  373887.0      0.44      36.4       0.0                          
    0:00:06  374571.0      0.44      35.3       0.0                          
    0:00:06  375363.0      0.44      34.2       0.0                          
    0:00:06  377019.0      0.44      33.4       0.0                          
    0:00:06  377019.0      0.44      32.4       0.0                          
    0:00:06  376803.0      0.44      32.2       0.0                          


  Beginning Area-Recovery Phase  (cleanup)
  -----------------------------

   ELAPSED            WORST NEG TOTAL NEG  DESIGN                            
    TIME      AREA      SLACK     SLACK   RULE COST         ENDPOINT         
  --------- --------- --------- --------- --------- -------------------------
    0:00:06  376803.0      0.44      32.2       0.0                          
    0:00:06  376803.0      0.44      32.2       0.0                          
    0:00:06  376803.0      0.44      32.2       0.0                          
    0:00:06  374499.0      0.44      32.2       0.0                          
    0:00:06  373275.0      0.44      32.2       0.0                          
    0:00:06  372699.0      0.44      32.2       0.0                          
    0:00:06  372555.0      0.44      32.2       0.0                          
    0:00:06  372555.0      0.44      32.2       0.0                          
    0:00:06  372555.0      0.44      32.2       0.0                          
    0:00:06  372555.0      0.44      32.2       0.0                          
    0:00:06  372555.0      0.44      32.2       0.0                          
    0:00:06  372555.0      0.44      32.2       0.0                          
    0:00:06  371835.0      0.44      32.5       0.0                          
    0:00:06  371835.0      0.44      32.5       0.0                          
    0:00:06  371835.0      0.44      32.5       0.0                          
    0:00:06  371835.0      0.44      32.5       0.0                          
    0:00:06  371835.0      0.44      32.5       0.0                          
    0:00:06  371835.0      0.44      32.5       0.0                          
    0:00:06  371835.0      0.44      32.5       0.0                          
    0:00:06  372339.0      0.44      32.3       0.0                          
    0:00:06  372411.0      0.44      31.9       0.0                          
    0:00:06  372699.0      0.44      31.1       0.0                          
    0:00:06  373347.0      0.44      31.1       0.0                          
Loading db file '/package/eda/cells/OSU/v2.7/synopsys/lib/ami05/osu05_stdcells.db'

  Optimization Complete
  ---------------------
1
dc_shell> dc_shell> dc_shell> dc_shell> dc_shell> dc_shell> dc_shell> dc_shell> Writing verilog file '/home/ecegrid/a/mg23/ece337/Lab6/mapped/i2c_slave.v'.
Warning: Verilog 'assign' or 'tran' statements are written out. (VO-4)
1
dc_shell> 
Script Done

dc_shell> 
Checking Design

dc_shell>  
****************************************
check_design summary:
Version:     G-2012.06
Date:        Mon Mar 31 18:31:46 2014
****************************************

                   Name                                            Total
--------------------------------------------------------------------------------
Inputs/Outputs                                                      2
    Feedthrough (LINT-29)                                           1
    Shorted outputs (LINT-31)                                       1

Cells                                                               2
    Connected to power or ground (LINT-32)                          1
    Nets connected to multiple pins on same cell (LINT-33)          1
--------------------------------------------------------------------------------

Warning: In design 'decode', input port 'starting_byte[0]' is connected directly to output port 'rw_mode'. (LINT-29)
Warning: In design 'timer', output port 'byte_received' is connected directly to output port 'ack_prep'. (LINT-31)
Warning: In design 'timer', a pin on submodule 'U1' is connected to logic 1 or logic 0. (LINT-32)
   Pin 'clear' is connected to logic 0. 
Warning: In design 'tx_fifo', the same net is connected to more than one pin on submodule 'DUT'. (LINT-33)
   Net 'clk' is connected to pins 'r_clk', 'w_clk''.
1
dc_shell> 
Thank you...
Done


