\o Program:		@(#)$CDS: libManager.exe version Exp 01/19/2010 20:09 (ocelot-linux) $
\o Sub version:		sub-version none
\o Arguments:		-mpssession icfb3630 -mpshost ecegrid-thin3.ecn.purdue.edu 
\o Working Directory:	ecegrid-thin3.ecn.purdue.edu:/home/ecegrid/a/mg23/ece337/Lab7
\o Extended color mode (TrueColor 32 0x4d) in use.
\o Loading customization file "/package/eda/cells/ncsu-cdk-1.5.1/local/cdssetup/cdsLibMgr.il"
\o Loading NCSU Library Manager customizations...done.
\o Log file is "/home/ecegrid/a/mg23/ece337/Lab7/libManager.log".
Opening libManager window.
No main selection
\o Library Manager customization server connected.
MPS service: map window
Invoking command (cdkCreateNewLib).
MPS request: update library list
MPS request: update library list
MPS request: update library list
MPS request: update library list
Main selection: My_Layout lab7_layout_design layout
\o Opening design file through session server.
MPS request: edit design
Invoking command (editDelete).
Showing dialog "Delete Cells" (deleteDialog).
Dialog activated Cancel in "Delete Cells" (deleteDialog).
Closing dialog "Delete Cells" (deleteDialog).
No main selection
\o Auto refresh applied.
Main selection: My_Layout lab7_layout_design layout
Invoking command (editDelete).
Showing dialog "Delete Libraries" (deleteDialog).
Dialog activated Ok in "Delete Libraries" (deleteDialog).
Showing dialog "Delete Confirmation" (genericDialog).
\o Remove 1 library from disk?
\o 
\o Library: My_Layout		-> /home/ecegrid/a/mg23/ece337/My_Layout
Dialog activated Yes in "Delete Confirmation" (genericDialog).
Closing dialog "Delete Confirmation" (genericDialog).
Closing dialog "Delete Libraries" (deleteDialog).
\o Deleting library "My_Layout".
Showing dialog "Deleting Files" (tdmWorkingDialog).
Dialog activated Close in "Deleting Files" (tdmWorkingDialog).
MPS request: update library list
\o Batching session updates...
MPS request: update library list
\o Deleted library 'My_Layout'.
Closing dialog "Deleting Files" (tdmWorkingDialog).
\o Delete of library "My_Layout" succeeded.
\o Deletion of library done.
MPS request: update library list
MPS request: update library list
MPS request: update library list
\o Opening design file through session server.
MPS request: edit design
\o Opening design file through session server.
MPS request: edit design
\o Opening design file through session server.
MPS request: edit design
\o libManager is exiting.
