Synthesizing design: rcv_block.sv

                      Design Compiler Graphical
                            DC Ultra (TM)
                             DFTMAX (TM)
                         Power Compiler (TM)
                           DesignWare (R)
                           DC Expert (TM)
                         Design Vision (TM)
                          HDL Compiler (TM)
                         VHDL Compiler (TM)
                            DFT Compiler
                        Library Compiler (TM)
                         Design Compiler(R)

            Version G-2012.06 for RHEL64 -- May 30, 2012
               Copyright (c) 1988-2012 Synopsys, Inc.

This software and the associated documentation are confidential and 
proprietary to Synopsys, Inc. Your use or disclosure of this software 
is subject to the terms and conditions of a written license agreement 
between you, or your company, and Synopsys, Inc.

Initializing...
dc_shell> dc_shell> Running PRESTO HDLC
Searching for ./rcu.sv
Searching for /package/eda/synopsys/syn-G-2012.06/libraries/syn/rcu.sv
Searching for /package/eda/synopsys/syn-G-2012.06/dw/sim_ver/rcu.sv
Searching for ./source/rcu.sv
Searching for ./timer.sv
Searching for /package/eda/synopsys/syn-G-2012.06/libraries/syn/timer.sv
Searching for /package/eda/synopsys/syn-G-2012.06/dw/sim_ver/timer.sv
Searching for ./source/timer.sv
Searching for ./flex_stp_sr.sv
Searching for /package/eda/synopsys/syn-G-2012.06/libraries/syn/flex_stp_sr.sv
Searching for /package/eda/synopsys/syn-G-2012.06/dw/sim_ver/flex_stp_sr.sv
Searching for ./source/flex_stp_sr.sv
Searching for ./flex_counter.sv
Searching for /package/eda/synopsys/syn-G-2012.06/libraries/syn/flex_counter.sv
Searching for /package/eda/synopsys/syn-G-2012.06/dw/sim_ver/flex_counter.sv
Searching for ./source/flex_counter.sv
Searching for ./sr_9bit.sv
Searching for /package/eda/synopsys/syn-G-2012.06/libraries/syn/sr_9bit.sv
Searching for /package/eda/synopsys/syn-G-2012.06/dw/sim_ver/sr_9bit.sv
Searching for ./source/sr_9bit.sv
Searching for ./rx_data_buff.sv
Searching for /package/eda/synopsys/syn-G-2012.06/libraries/syn/rx_data_buff.sv
Searching for /package/eda/synopsys/syn-G-2012.06/dw/sim_ver/rx_data_buff.sv
Searching for ./source/rx_data_buff.sv
Searching for ./start_bit_det.sv
Searching for /package/eda/synopsys/syn-G-2012.06/libraries/syn/start_bit_det.sv
Searching for /package/eda/synopsys/syn-G-2012.06/dw/sim_ver/start_bit_det.sv
Searching for ./source/start_bit_det.sv
Searching for ./stop_bit_chk.sv
Searching for /package/eda/synopsys/syn-G-2012.06/libraries/syn/stop_bit_chk.sv
Searching for /package/eda/synopsys/syn-G-2012.06/dw/sim_ver/stop_bit_chk.sv
Searching for ./source/stop_bit_chk.sv
Searching for ./rcv_block.sv
Searching for /package/eda/synopsys/syn-G-2012.06/libraries/syn/rcv_block.sv
Searching for /package/eda/synopsys/syn-G-2012.06/dw/sim_ver/rcv_block.sv
Searching for ./source/rcv_block.sv
Compiling source file ./source/rcu.sv
Compiling source file ./source/timer.sv
Compiling source file ./source/flex_stp_sr.sv
Compiling source file ./source/flex_counter.sv
Compiling source file ./source/sr_9bit.sv
Compiling source file ./source/rx_data_buff.sv
Warning:  ./source/rx_data_buff.sv:82: The construct 'immediate assertion' is not supported in synthesis; it is ignored. (VER-708)
Warning:  ./source/rx_data_buff.sv:86: The construct 'immediate assertion' is not supported in synthesis; it is ignored. (VER-708)
Warning:  ./source/rx_data_buff.sv:90: The construct 'immediate assertion' is not supported in synthesis; it is ignored. (VER-708)
Warning:  ./source/rx_data_buff.sv:94: The construct 'immediate assertion' is not supported in synthesis; it is ignored. (VER-708)
Warning:  ./source/rx_data_buff.sv:100: The construct 'immediate assertion' is not supported in synthesis; it is ignored. (VER-708)
Compiling source file ./source/start_bit_det.sv
Warning:  ./source/start_bit_det.sv:43: The construct 'immediate assertion' is not supported in synthesis; it is ignored. (VER-708)
Warning:  ./source/start_bit_det.sv:47: The construct 'immediate assertion' is not supported in synthesis; it is ignored. (VER-708)
Warning:  ./source/start_bit_det.sv:51: The construct 'immediate assertion' is not supported in synthesis; it is ignored. (VER-708)
Compiling source file ./source/stop_bit_chk.sv
Warning:  ./source/stop_bit_chk.sv:61: The construct 'immediate assertion' is not supported in synthesis; it is ignored. (VER-708)
Warning:  ./source/stop_bit_chk.sv:65: The construct 'immediate assertion' is not supported in synthesis; it is ignored. (VER-708)
Warning:  ./source/stop_bit_chk.sv:69: The construct 'immediate assertion' is not supported in synthesis; it is ignored. (VER-708)
Warning:  ./source/stop_bit_chk.sv:73: The construct 'immediate assertion' is not supported in synthesis; it is ignored. (VER-708)
Warning:  ./source/stop_bit_chk.sv:77: The construct 'immediate assertion' is not supported in synthesis; it is ignored. (VER-708)
Compiling source file ./source/rcv_block.sv
Presto compilation completed successfully.
Loading db file '/package/eda/cells/OSU/v2.7/synopsys/lib/ami05/osu05_stdcells.db'
Loading db file '/package/eda/synopsys/syn-G-2012.06/libraries/syn/dw_foundation.sldb'
1
dc_shell> Loading db file '/package/eda/synopsys/syn-G-2012.06/libraries/syn/gtech.db'
Loading db file '/package/eda/synopsys/syn-G-2012.06/libraries/syn/standard.sldb'
  Loading link library 'osu05_stdcells'
  Loading link library 'gtech'
Running PRESTO HDLC
Presto compilation completed successfully.
Elaborated 1 design.
Current design is now 'rcv_block'.
Information: Building the design 'rcu'. (HDL-193)

Statistics for case statements in always block at line 36 in file
	'./source/rcu.sv'
===============================================
|           Line           |  full/ parallel  |
===============================================
|            38            |    auto/auto     |
===============================================

Statistics for case statements in always block at line 77 in file
	'./source/rcu.sv'
===============================================
|           Line           |  full/ parallel  |
===============================================
|            83            |     no/auto      |
===============================================

Inferred memory devices in process
	in routine rcu line 26 in file
		'./source/rcu.sv'.
===============================================================================
|    Register Name    |   Type    | Width | Bus | MB | AR | AS | SR | SS | ST |
===============================================================================
|      state_reg      | Flip-flop |   3   |  Y  | N  | Y  | N  | N  | N  | N  |
===============================================================================
Presto compilation completed successfully.
Information: Building the design 'timer'. (HDL-193)
Presto compilation completed successfully.
Information: Building the design 'sr_9bit'. (HDL-193)
Presto compilation completed successfully.
Information: Building the design 'rx_data_buff'. (HDL-193)

Inferred memory devices in process
	in routine rx_data_buff line 26 in file
		'./source/rx_data_buff.sv'.
===============================================================================
|    Register Name    |   Type    | Width | Bus | MB | AR | AS | SR | SS | ST |
===============================================================================
|  overrun_error_reg  | Flip-flop |   1   |  N  | N  | Y  | N  | N  | N  | N  |
|     rx_data_reg     | Flip-flop |   8   |  Y  | N  | N  | Y  | N  | N  | N  |
|   data_ready_reg    | Flip-flop |   1   |  N  | N  | Y  | N  | N  | N  | N  |
===============================================================================
Warning:  ./source/rx_data_buff.sv:80: Netlist for always block is empty. (ELAB-985)
Presto compilation completed successfully.
Information: Building the design 'start_bit_det'. (HDL-193)

Inferred memory devices in process
	in routine start_bit_det line 21 in file
		'./source/start_bit_det.sv'.
===============================================================================
|    Register Name    |   Type    | Width | Bus | MB | AR | AS | SR | SS | ST |
===============================================================================
|   sync_phase_reg    | Flip-flop |   1   |  N  | N  | N  | Y  | N  | N  | N  |
|   old_sample_reg    | Flip-flop |   1   |  N  | N  | N  | Y  | N  | N  | N  |
|   new_sample_reg    | Flip-flop |   1   |  N  | N  | N  | Y  | N  | N  | N  |
===============================================================================
Warning:  ./source/start_bit_det.sv:41: Netlist for always block is empty. (ELAB-985)
Presto compilation completed successfully.
Information: Building the design 'stop_bit_chk'. (HDL-193)

Inferred memory devices in process
	in routine stop_bit_chk line 21 in file
		'./source/stop_bit_chk.sv'.
===============================================================================
|    Register Name    |   Type    | Width | Bus | MB | AR | AS | SR | SS | ST |
===============================================================================
|  framing_error_reg  | Flip-flop |   1   |  N  | N  | Y  | N  | N  | N  | N  |
===============================================================================
Warning:  ./source/stop_bit_chk.sv:59: Netlist for always block is empty. (ELAB-985)
Presto compilation completed successfully.
Information: Building the design 'flex_counter' instantiated from design 'timer' with
	the parameters "8,11". (HDL-193)

Inferred memory devices in process
	in routine flex_counter_NUM_CNT_BITS8_ROLLOVER_VAL11 line 30 in file
		'./source/flex_counter.sv'.
===============================================================================
|    Register Name    |   Type    | Width | Bus | MB | AR | AS | SR | SS | ST |
===============================================================================
|     flagger_reg     | Flip-flop |   1   |  N  | N  | Y  | N  | N  | N  | N  |
|     counter_reg     | Flip-flop |   8   |  Y  | N  | Y  | N  | N  | N  | N  |
===============================================================================
Presto compilation completed successfully.
Information: Building the design 'flex_counter' instantiated from design 'timer' with
	the parameters "8,9". (HDL-193)

Inferred memory devices in process
	in routine flex_counter_NUM_CNT_BITS8_ROLLOVER_VAL9 line 30 in file
		'./source/flex_counter.sv'.
===============================================================================
|    Register Name    |   Type    | Width | Bus | MB | AR | AS | SR | SS | ST |
===============================================================================
|     flagger_reg     | Flip-flop |   1   |  N  | N  | Y  | N  | N  | N  | N  |
|     counter_reg     | Flip-flop |   8   |  Y  | N  | Y  | N  | N  | N  | N  |
===============================================================================
Presto compilation completed successfully.
Information: Building the design 'flex_stp_sr'. (HDL-193)

Inferred memory devices in process
	in routine flex_stp_sr line 25 in file
		'./source/flex_stp_sr.sv'.
===============================================================================
|    Register Name    |   Type    | Width | Bus | MB | AR | AS | SR | SS | ST |
===============================================================================
|    data_out_reg     | Flip-flop |   9   |  Y  | N  | N  | Y  | N  | N  | N  |
===============================================================================
Presto compilation completed successfully.
1
dc_shell> dc_shell> 1
dc_shell> dc_shell> dc_shell> dc_shell> dc_shell> dc_shell> 1
dc_shell> dc_shell> dc_shell> Information: Checking out the license 'DesignWare'. (SEC-104)
Information: Evaluating DesignWare library utilization. (UISN-27)

============================================================================
| DesignWare Building Block Library  |         Version         | Available |
============================================================================
| Basic DW Building Blocks           | G-2012.06-DWBB_201206.0 |     *     |
| Licensed DW Building Blocks        | G-2012.06-DWBB_201206.0 |     *     |
============================================================================


Information: There are 3 potential problems in your design. Please run 'check_design' for more information. (LINT-99)



  Beginning Pass 1 Mapping
  ------------------------
  Processing 'stop_bit_chk'
  Processing 'start_bit_det'
  Processing 'rx_data_buff'
  Processing 'flex_stp_sr'
  Processing 'sr_9bit'
  Processing 'flex_counter_NUM_CNT_BITS8_ROLLOVER_VAL9'
Information: Added key list 'DesignWare' to design 'flex_counter_NUM_CNT_BITS8_ROLLOVER_VAL9'. (DDB-72)
  Processing 'flex_counter_NUM_CNT_BITS8_ROLLOVER_VAL11'
Information: Added key list 'DesignWare' to design 'flex_counter_NUM_CNT_BITS8_ROLLOVER_VAL11'. (DDB-72)
  Processing 'timer'
  Processing 'rcu'
  Processing 'rcv_block'

  Updating timing information
Information: Updating design information... (UID-85)

  Beginning Implementation Selection
  ----------------------------------
  Processing 'flex_counter_NUM_CNT_BITS8_ROLLOVER_VAL9_DW01_inc_0'
  Processing 'flex_counter_NUM_CNT_BITS8_ROLLOVER_VAL11_DW01_inc_0'

  Beginning Mapping Optimizations  (Medium effort)
  -------------------------------
  Mapping Optimization (Phase 1)

   ELAPSED            WORST NEG TOTAL NEG  DESIGN                            
    TIME      AREA      SLACK     SLACK   RULE COST         ENDPOINT         
  --------- --------- --------- --------- --------- -------------------------
    0:00:03  126252.0      0.39       6.1       0.0                          
    0:00:03  126252.0      0.39       6.1       0.0                          
    0:00:03  126252.0      0.39       6.1       0.0                          
    0:00:03  126252.0      0.39       6.1       0.0                          
    0:00:03  126252.0      0.39       6.1       0.0                          
    0:00:03  126252.0      0.39       6.1       0.0                          
    0:00:03  121644.0      0.39       4.8       0.0                          
    0:00:03  122292.0      0.38       4.3       0.0                          
    0:00:03  122832.0      0.38       3.8       0.0                          
    0:00:03  122544.0      0.44       3.8       0.0                          
    0:00:03  122400.0      0.38       3.6       0.0                          
    0:00:03  122472.0      0.38       3.6       0.0                          
    0:00:03  122832.0      0.38       3.6       0.0                          
    0:00:03  123048.0      0.38       2.6       0.0                          
    0:00:03  122904.0      0.38       2.4       0.0                          
    0:00:03  122904.0      0.38       2.4       0.0                          
    0:00:03  122904.0      0.38       2.4       0.0                          
    0:00:03  122904.0      0.38       2.4       0.0                          
    0:00:03  122904.0      0.38       2.4       0.0                          
    0:00:03  122904.0      0.38       2.4       0.0                          
    0:00:03  122904.0      0.38       2.4       0.0                          



  Beginning Delay Optimization Phase
  ----------------------------------

   ELAPSED            WORST NEG TOTAL NEG  DESIGN                            
    TIME      AREA      SLACK     SLACK   RULE COST         ENDPOINT         
  --------- --------- --------- --------- --------- -------------------------
    0:00:03  122904.0      0.38       2.4       0.0                          
    0:00:03  123876.0      0.28       2.0       0.0 U2/U1/counter_reg[1]/D   
    0:00:03  124308.0      0.25       1.7       0.0                          
    0:00:03  124308.0      0.25       1.7       0.0                          
    0:00:03  124524.0      0.25       1.7       0.0                          


  Beginning Area-Recovery Phase  (cleanup)
  -----------------------------

   ELAPSED            WORST NEG TOTAL NEG  DESIGN                            
    TIME      AREA      SLACK     SLACK   RULE COST         ENDPOINT         
  --------- --------- --------- --------- --------- -------------------------
    0:00:03  124524.0      0.25       1.7       0.0                          
    0:00:03  124524.0      0.25       1.7       0.0                          
    0:00:03  124524.0      0.25       1.7       0.0                          
    0:00:03  123156.0      0.25       1.6       0.0                          
    0:00:03  122436.0      0.25       1.6       0.0                          
    0:00:03  122436.0      0.25       1.6       0.0                          
    0:00:03  122436.0      0.25       1.6       0.0                          
    0:00:03  122436.0      0.25       1.6       0.0                          
    0:00:03  122436.0      0.25       1.6       0.0                          
    0:00:03  122436.0      0.25       1.6       0.0                          
    0:00:03  122436.0      0.25       1.6       0.0                          
    0:00:03  122220.0      0.25       1.6       0.0                          
    0:00:03  122220.0      0.25       1.6       0.0                          
    0:00:03  122220.0      0.25       1.6       0.0                          
    0:00:03  122220.0      0.25       1.6       0.0                          
    0:00:03  122220.0      0.25       1.6       0.0                          
    0:00:03  122220.0      0.25       1.6       0.0                          
    0:00:03  122220.0      0.25       1.6       0.0                          
    0:00:04  122076.0      0.25       1.6       0.0                          
Loading db file '/package/eda/cells/OSU/v2.7/synopsys/lib/ami05/osu05_stdcells.db'

  Optimization Complete
  ---------------------
1
dc_shell> dc_shell> dc_shell> dc_shell> dc_shell> dc_shell> dc_shell> dc_shell> Writing verilog file '/home/ecegrid/a/mg23/ece337/Lab5/mapped/rcv_block.v'.
Warning: Verilog 'assign' or 'tran' statements are written out. (VO-4)
Warning: Verilog writer has added 1 nets to module flex_counter_NUM_CNT_BITS8_ROLLOVER_VAL11 using SYNOPSYS_UNCONNECTED_ as prefix.  Please use the change_names command to make the correct changes before invoking the verilog writer.  (VO-11)
1
dc_shell> 
Script Done

dc_shell> 
Checking Design

dc_shell>  
****************************************
check_design summary:
Version:     G-2012.06
Date:        Mon Feb 24 21:09:10 2014
****************************************

                   Name                                            Total
--------------------------------------------------------------------------------
Inputs/Outputs                                                      1
    Unconnected ports (LINT-28)                                     1

Cells                                                               1
    Nets connected to multiple pins on same cell (LINT-33)          1
--------------------------------------------------------------------------------

Warning: In design 'flex_counter_NUM_CNT_BITS8_ROLLOVER_VAL11_DW01_inc_1', port 'SUM[0]' is not connected to any nets. (LINT-28)
Warning: In design 'timer', the same net is connected to more than one pin on submodule 'U2'. (LINT-33)
   Net 'packet_done' is connected to pins 'clear', 'one_k_samples''.
1
dc_shell> 
Thank you...
Done


